--- INICIO RECOMENDACIÓN POR SIMILITUD PARA USUARIO ID: 33 ---
Usuario actual interactuó con productos: 72
No se encontraron usuarios similares.
--- INICIO RECOMENDACIÓN POR SIMILITUD PARA USUARIO ID: 33 ---
Usuario actual interactuó con productos: 72
No se encontraron usuarios similares.
--- INICIO RECOMENDACIÓN POR SIMILITUD PARA USUARIO ID: 31 ---
Usuario actual interactuó con productos: 112, 112, 112, 46, 96, 96, 114, 55
No se encontraron usuarios similares.
--- INICIO RECOMENDACIÓN POR SIMILITUD PARA USUARIO ID: 31 ---
Usuario actual interactuó con productos: 112, 112, 112, 46, 96, 96, 114, 55, 104
No se encontraron usuarios similares.
--- INICIO RECOMENDACIÓN POR SIMILITUD PARA USUARIO ID: 33 ---
Usuario actual interactuó con productos: 72
No se encontraron usuarios similares.
--- INICIO RECOMENDACIÓN POR SIMILITUD PARA USUARIO ID: 31 ---
Usuario actual interactuó con productos: 112, 112, 112, 46, 96, 96, 114, 55, 104
No se encontraron usuarios similares.
--- INICIO RECOMENDACIÓN POR SIMILITUD PARA USUARIO ID: 31 ---
Usuario actual interactuó con productos: 112, 112, 112, 46, 96, 96, 114, 55, 104
No se encontraron usuarios similares.
--- INICIO RECOMENDACIÓN POR SIMILITUD PARA USUARIO ID: 33 ---
Usuario actual interactuó con productos: 72, 104
Se encontraron 1 usuarios similares con puntuaciones: 
 - Usuario ID: 31, Puntuación: 0.14285714285714
IDs de productos recomendados (antes de filtrar no interesados): 112, 46, 96, 114, 55
IDs de productos recomendados finales: 112, 46, 96, 114, 55
--- FIN RECOMENDACIÓN POR SIMILITUD ---

--- INICIO RECOMENDACIÓN POR SIMILITUD PARA USUARIO ID: 31 ---
Usuario actual interactuó con productos: 112, 112, 112, 46, 96, 96, 114, 55, 104
Se encontraron 1 usuarios similares con puntuaciones: 
 - Usuario ID: 33, Puntuación: 0.14285714285714
IDs de productos recomendados (antes de filtrar no interesados): 72
IDs de productos recomendados finales: 72
--- FIN RECOMENDACIÓN POR SIMILITUD ---

--- INICIO RECOMENDACIÓN POR SIMILITUD PARA USUARIO ID: 31 ---
Usuario actual interactuó con productos: 112, 112, 112, 46, 96, 96, 114, 55, 104
Se encontraron 1 usuarios similares con puntuaciones: 
 - Usuario ID: 33, Puntuación: 0.14285714285714
IDs de productos recomendados (antes de filtrar no interesados): 72
IDs de productos recomendados finales: 72
--- FIN RECOMENDACIÓN POR SIMILITUD ---

--- INICIO RECOMENDACIÓN POR SIMILITUD PARA USUARIO ID: 33 ---
Usuario actual interactuó con productos: 72, 104
Se encontraron 1 usuarios similares con puntuaciones: 
 - Usuario ID: 31, Puntuación: 0.14285714285714
IDs de productos recomendados (antes de filtrar no interesados): 112, 46, 96, 114, 55
IDs de productos recomendados finales: 112, 46, 96, 114, 55
--- FIN RECOMENDACIÓN POR SIMILITUD ---

